<?xml version="1.0" encoding="UTF-8"?>
<testsuite xmlns:xsi="http://www.w3.org/2001/XMLSchema-instance" xsi:noNamespaceSchemaLocation="https://maven.apache.org/surefire/maven-surefire-plugin/xsd/surefire-test-report-3.0.xsd" version="3.0" name="com.compprog1282025.service.RbacAndRequestPersistenceTest" time="1.947" tests="19" errors="0" skipped="0" failures="0">
  <properties>
[...]
</properties>
  <testcase name="employeeCreateRejectsUnderMinimumAge" classname="com.compprog1282025.service.RbacAndRequestPersistenceTest" time="0.275">
    <system-out><![CDATA[System: 5 users loaded for testing.
]]></system-out>
  </testcase>
  <testcase name="adminCanAccessAllCriticalOperationsIncludingDelete" classname="com.compprog1282025.service.RbacAndRequestPersistenceTest" time="0.352">
    <system-out><![CDATA[System: 5 users loaded for testing.
Successfully wrote to: data/attendance.csv
]]></system-out>
  </testcase>
  <testcase name="employeeCreateUsesConfiguredMinimumEmploymentAge" classname="com.compprog1282025.service.RbacAndRequestPersistenceTest" time="0.158">
    <system-out><![CDATA[System: 5 users loaded for testing.
]]></system-out>
  </testcase>
  <testcase name="employeeCreateRejectsFutureBirthday" classname="com.compprog1282025.service.RbacAndRequestPersistenceTest" time="0.071">
    <system-out><![CDATA[System: 5 users loaded for testing.
]]></system-out>
  </testcase>
  <testcase name="employeeCreateRejectsVeryLongAddress" classname="com.compprog1282025.service.RbacAndRequestPersistenceTest" time="0.068">
    <system-out><![CDATA[System: 5 users loaded for testing.
]]></system-out>
  </testcase>
  <testcase name="unknownRoleFallsBackToEmployeePermissions" classname="com.compprog1282025.service.RbacAndRequestPersistenceTest" time="0.075">
    <system-out><![CDATA[System: 5 users loaded for testing.
]]></system-out>
  </testcase>
  <testcase name="employeeCreateRejectsNumericOnlyPosition" classname="com.compprog1282025.service.RbacAndRequestPersistenceTest" time="0.072">
    <system-out><![CDATA[System: 5 users loaded for testing.
]]></system-out>
  </testcase>
  <testcase name="leaveRequestRejectsUnsafeInput" classname="com.compprog1282025.service.RbacAndRequestPersistenceTest" time="0.053"/>
  <testcase name="minimumEmploymentAgeDefaultsTo16WhenNotConfigured" classname="com.compprog1282025.service.RbacAndRequestPersistenceTest" time="0.049"/>
  <testcase name="hrCannotRunPayrollOrPayslipForOthers" classname="com.compprog1282025.service.RbacAndRequestPersistenceTest" time="0.077"/>
  <testcase name="leaveRequestRejectsVeryLongReason" classname="com.compprog1282025.service.RbacAndRequestPersistenceTest" time="0.059"/>
  <testcase name="financeCannotDeleteEmployees" classname="com.compprog1282025.service.RbacAndRequestPersistenceTest" time="0.07">
    <system-out><![CDATA[System: 5 users loaded for testing.
]]></system-out>
  </testcase>
  <testcase name="minimumEmploymentAgeCanBeConfigured" classname="com.compprog1282025.service.RbacAndRequestPersistenceTest" time="0.044"/>
  <testcase name="employeeCreateRejectsInvalidNameAndUnsafeAddress" classname="com.compprog1282025.service.RbacAndRequestPersistenceTest" time="0.064">
    <system-out><![CDATA[System: 5 users loaded for testing.
]]></system-out>
  </testcase>
  <testcase name="employeeMoneyIsPersistedWithTwoDecimalPlacesInCsv" classname="com.compprog1282025.service.RbacAndRequestPersistenceTest" time="0.083">
    <system-out><![CDATA[System: 5 users loaded for testing.
]]></system-out>
  </testcase>
  <testcase name="employeeCannotAccessHrOrFinanceActions" classname="com.compprog1282025.service.RbacAndRequestPersistenceTest" time="0.063"/>
  <testcase name="leaveRequestGeneratesCollisionSafeIdWhenBlank" classname="com.compprog1282025.service.RbacAndRequestPersistenceTest" time="0.121"/>
  <testcase name="requestSubmitApproveRejectPersistAndReload" classname="com.compprog1282025.service.RbacAndRequestPersistenceTest" time="0.088"/>
  <testcase name="moneyParserAcceptsCommaSeparatedValues" classname="com.compprog1282025.service.RbacAndRequestPersistenceTest" time="0.042"/>
</testsuite>